This file contains any messages produced by compilers while
running configure, to aid debugging if configure makes a mistake.

It was created by pkcs11-helper configure 1.09, which was
generated by GNU Autoconf 2.68.  Invocation command line was

  $ ./configure --enable-static --enable-shared=no --disable-dependency-tracking --prefix=/Users/User/Working/tunnelblick/third_party/pkcs11-helper-1.09/staging_i386 --includedir=/Users/User/Working/tunnelblick/third_party/pkcs11-helper-1.09/staging/include

## --------- ##
## Platform. ##
## --------- ##

hostname = Lions-Mac.local
uname -m = x86_64
uname -r = 11.2.0
uname -s = Darwin
uname -v = Darwin Kernel Version 11.2.0: Tue Aug  9 20:54:00 PDT 2011; root:xnu-1699.24.8~1/RELEASE_X86_64

/usr/bin/uname -p = i386
/bin/uname -X     = unknown

/bin/arch              = unknown
/usr/bin/arch -k       = unknown
/usr/convex/getsysinfo = unknown
/usr/bin/hostinfo      = Mach kernel version:
	 Darwin Kernel Version 11.2.0: Tue Aug  9 20:54:00 PDT 2011; root:xnu-1699.24.8~1/RELEASE_X86_64
Kernel configured for a single processor only.
1 processor is physically available.
1 processor is logically available.
Processor type: i486 (Intel 80486)
Processor active: 0
Primary memory available: 1.00 gigabytes
Default processor set: 80 tasks, 320 threads, 1 processors
Load average: 2.60, Mach factor: 0.20
/bin/machine           = unknown
/usr/bin/oslevel       = unknown
/bin/universe          = unknown

PATH: /Developer/usr/bin
PATH: /usr/bin
PATH: /bin
PATH: /usr/sbin
PATH: /sbin


## ----------- ##
## Core tests. ##
## ----------- ##

configure:2575: checking for a BSD-compatible install
configure:2643: result: /usr/bin/install -c
configure:2654: checking whether build environment is sane
configure:2704: result: yes
configure:2845: checking for a thread-safe mkdir -p
configure:2884: result: ./install-sh -c -d
configure:2897: checking for gawk
configure:2927: result: no
configure:2897: checking for mawk
configure:2927: result: no
configure:2897: checking for nawk
configure:2927: result: no
configure:2897: checking for awk
configure:2913: found /usr/bin/awk
configure:2924: result: awk
configure:2935: checking whether make sets $(MAKE)
configure:2957: result: yes
configure:3055: checking build system type
configure:3069: result: x86_64-apple-darwin11.2.0
configure:3089: checking host system type
configure:3102: result: x86_64-apple-darwin11.2.0
configure:3391: checking for gcc
configure:3418: result: gcc
configure:3647: checking for C compiler version
configure:3656: gcc --version >&5
i686-apple-darwin11-llvm-gcc-4.2 (GCC) 4.2.1 (Based on Apple Inc. build 5658) (LLVM build 2336.1.00)
Copyright (C) 2007 Free Software Foundation, Inc.
This is free software; see the source for copying conditions.  There is NO
warranty; not even for MERCHANTABILITY or FITNESS FOR A PARTICULAR PURPOSE.

configure:3667: $? = 0
configure:3656: gcc -v >&5
Using built-in specs.
Target: i686-apple-darwin11
Configured with: /private/var/tmp/llvmgcc42/llvmgcc42-2336.1~1/src/configure --disable-checking --enable-werror --prefix=/Developer/usr/llvm-gcc-4.2 --mandir=/share/man --enable-languages=c,objc,c++,obj-c++ --program-prefix=llvm- --program-transform-name=/^[cg][^.-]*$/s/$/-4.2/ --with-slibdir=/usr/lib --build=i686-apple-darwin11 --enable-llvm=/private/var/tmp/llvmgcc42/llvmgcc42-2336.1~1/dst-llvmCore/Developer/usr/local --program-prefix=i686-apple-darwin11- --host=x86_64-apple-darwin11 --target=i686-apple-darwin11 --with-gxx-include-dir=/usr/include/c++/4.2.1
Thread model: posix
gcc version 4.2.1 (Based on Apple Inc. build 5658) (LLVM build 2336.1.00)
configure:3667: $? = 0
configure:3656: gcc -V >&5
llvm-gcc-4.2: argument to `-V' is missing
configure:3667: $? = 1
configure:3656: gcc -qversion >&5
i686-apple-darwin11-llvm-gcc-4.2: no input files
configure:3667: $? = 1
configure:3687: checking whether the C compiler works
configure:3709: gcc -isysroot /Developer/SDKs/MacOSX10.6.sdk -Os -mmacosx-version-min=10.6 -arch i386   conftest.c  >&5
configure:3713: $? = 0
configure:3761: result: yes
configure:3764: checking for C compiler default output file name
configure:3766: result: a.out
configure:3772: checking for suffix of executables
configure:3779: gcc -o conftest -isysroot /Developer/SDKs/MacOSX10.6.sdk -Os -mmacosx-version-min=10.6 -arch i386   conftest.c  >&5
configure:3783: $? = 0
configure:3805: result: 
configure:3827: checking whether we are cross compiling
configure:3835: gcc -o conftest -isysroot /Developer/SDKs/MacOSX10.6.sdk -Os -mmacosx-version-min=10.6 -arch i386   conftest.c  >&5
configure:3839: $? = 0
configure:3846: ./conftest
configure:3850: $? = 0
configure:3865: result: no
configure:3870: checking for suffix of object files
configure:3892: gcc -c -isysroot /Developer/SDKs/MacOSX10.6.sdk -Os -mmacosx-version-min=10.6 -arch i386  conftest.c >&5
configure:3896: $? = 0
configure:3917: result: o
configure:3921: checking whether we are using the GNU C compiler
configure:3940: gcc -c -isysroot /Developer/SDKs/MacOSX10.6.sdk -Os -mmacosx-version-min=10.6 -arch i386  conftest.c >&5
configure:3940: $? = 0
configure:3949: result: yes
configure:3958: checking whether gcc accepts -g
configure:3978: gcc -c -g  conftest.c >&5
configure:3978: $? = 0
configure:4019: result: yes
configure:4036: checking for gcc option to accept ISO C89
configure:4100: gcc  -c -isysroot /Developer/SDKs/MacOSX10.6.sdk -Os -mmacosx-version-min=10.6 -arch i386  conftest.c >&5
configure:4100: $? = 0
configure:4113: result: none needed
configure:4144: checking for style of include used by make
configure:4172: result: GNU
configure:4197: checking dependency style of gcc
configure:4307: result: none
configure:4377: checking for pkg-config
configure:4410: result: no
configure:4448: checking for m4
configure:4464: found /Developer/usr/bin/m4
configure:4475: result: m4
configure:4534: checking how to print strings
configure:4561: result: printf
configure:4582: checking for a sed that does not truncate output
configure:4646: result: /usr/bin/sed
configure:4664: checking for grep that handles long lines and -e
configure:4722: result: /usr/bin/grep
configure:4727: checking for egrep
configure:4789: result: /usr/bin/grep -E
configure:4794: checking for fgrep
configure:4856: result: /usr/bin/grep -F
configure:4891: checking for ld used by gcc
configure:4958: result: /Developer/usr/llvm-gcc-4.2/libexec/gcc/i686-apple-darwin11/4.2.1/ld
configure:4965: checking if the linker (/Developer/usr/llvm-gcc-4.2/libexec/gcc/i686-apple-darwin11/4.2.1/ld) is GNU ld
configure:4980: result: no
configure:4992: checking for BSD- or MS-compatible name lister (nm)
configure:5041: result: /Developer/usr/bin/nm
configure:5171: checking the name lister (/Developer/usr/bin/nm) interface
configure:5178: gcc -c -isysroot /Developer/SDKs/MacOSX10.6.sdk -Os -mmacosx-version-min=10.6 -arch i386  conftest.c >&5
configure:5181: /Developer/usr/bin/nm "conftest.o"
configure:5184: output
00000000 S _some_variable
configure:5191: result: BSD nm
configure:5194: checking whether ln -s works
configure:5198: result: yes
configure:5206: checking the maximum length of command line arguments
configure:5331: result: 196608
configure:5348: checking whether the shell understands some XSI constructs
configure:5358: result: yes
configure:5362: checking whether the shell understands "+="
configure:5368: result: yes
configure:5403: checking how to convert x86_64-apple-darwin11.2.0 file names to x86_64-apple-darwin11.2.0 format
configure:5443: result: func_convert_file_noop
configure:5450: checking how to convert x86_64-apple-darwin11.2.0 file names to toolchain format
configure:5470: result: func_convert_file_noop
configure:5477: checking for /Developer/usr/llvm-gcc-4.2/libexec/gcc/i686-apple-darwin11/4.2.1/ld option to reload object files
configure:5484: result: -r
configure:5558: checking for objdump
configure:5588: result: no
configure:5614: checking how to recognize dependent libraries
configure:5816: result: pass_all
configure:5901: checking for dlltool
configure:5931: result: no
configure:5958: checking how to associate runtime and link libraries
configure:5985: result: printf %s\n
configure:6046: checking for ar
configure:6062: found /Developer/usr/bin/ar
configure:6073: result: ar
configure:6110: checking for archiver @FILE support
configure:6127: gcc -c -isysroot /Developer/SDKs/MacOSX10.6.sdk -Os -mmacosx-version-min=10.6 -arch i386  conftest.c >&5
configure:6127: $? = 0
configure:6130: ar cru libconftest.a @conftest.lst >&5
ar: @conftest.lst: No such file or directory
configure:6133: $? = 1
configure:6153: result: no
configure:6211: checking for strip
configure:6227: found /Developer/usr/bin/strip
configure:6238: result: strip
configure:6310: checking for ranlib
configure:6326: found /Developer/usr/bin/ranlib
configure:6337: result: ranlib
configure:6439: checking command to parse /Developer/usr/bin/nm output from gcc object
configure:6558: gcc -c -isysroot /Developer/SDKs/MacOSX10.6.sdk -Os -mmacosx-version-min=10.6 -arch i386  conftest.c >&5
configure:6561: $? = 0
configure:6565: /Developer/usr/bin/nm conftest.o \| sed -n -e 's/^.*[ ]\([BCDEGRST][BCDEGRST]*\)[ ][ ]*\([_A-Za-z][_A-Za-z0-9]*\)$/\1 \2 \2/p' | sed '/ __gnu_lto/d' \> conftest.nm
configure:6568: $? = 0
cannot find nm_test_var in conftest.nm
configure:6558: gcc -c -isysroot /Developer/SDKs/MacOSX10.6.sdk -Os -mmacosx-version-min=10.6 -arch i386  conftest.c >&5
configure:6561: $? = 0
configure:6565: /Developer/usr/bin/nm conftest.o \| sed -n -e 's/^.*[ ]\([BCDEGRST][BCDEGRST]*\)[ ][ ]*_\([_A-Za-z][_A-Za-z0-9]*\)$/\1 _\2 \2/p' | sed '/ __gnu_lto/d' \> conftest.nm
configure:6568: $? = 0
configure:6634: gcc -o conftest -isysroot /Developer/SDKs/MacOSX10.6.sdk -Os -mmacosx-version-min=10.6 -arch i386   conftest.c conftstm.o >&5
configure:6637: $? = 0
configure:6675: result: ok
configure:6712: checking for sysroot
configure:6742: result: no
configure:6985: checking for mt
configure:7015: result: no
configure:7035: checking if : is a manifest tool
configure:7041: : '-?'
configure:7049: result: no
configure:7105: checking for dsymutil
configure:7121: found /Developer/usr/bin/dsymutil
configure:7132: result: dsymutil
configure:7197: checking for nmedit
configure:7213: found /Developer/usr/bin/nmedit
configure:7224: result: nmedit
configure:7289: checking for lipo
configure:7305: found /usr/bin/lipo
configure:7316: result: lipo
configure:7381: checking for otool
configure:7397: found /Developer/usr/bin/otool
configure:7408: result: otool
configure:7473: checking for otool64
configure:7503: result: no
configure:7548: checking for -single_module linker flag
gcc -isysroot /Developer/SDKs/MacOSX10.6.sdk -Os -mmacosx-version-min=10.6 -arch i386  -o libconftest.dylib -dynamiclib -Wl,-single_module conftest.c
configure:7575: result: yes
configure:7577: checking for -exported_symbols_list linker flag
configure:7597: gcc -o conftest -isysroot /Developer/SDKs/MacOSX10.6.sdk -Os -mmacosx-version-min=10.6 -arch i386   -Wl,-exported_symbols_list,conftest.sym conftest.c  >&5
configure:7597: $? = 0
configure:7607: result: yes
configure:7609: checking for -force_load linker flag
gcc -isysroot /Developer/SDKs/MacOSX10.6.sdk -Os -mmacosx-version-min=10.6 -arch i386 -c -o conftest.o conftest.c
ar cru libconftest.a conftest.o
ranlib libconftest.a
gcc -isysroot /Developer/SDKs/MacOSX10.6.sdk -Os -mmacosx-version-min=10.6 -arch i386  -o conftest conftest.c -Wl,-force_load,./libconftest.a
configure:7639: result: yes
configure:7681: checking how to run the C preprocessor
configure:7712: gcc -E  conftest.c
configure:7712: $? = 0
configure:7726: gcc -E  conftest.c
conftest.c:13:28: error: ac_nonexistent.h: No such file or directory
configure:7726: $? = 1
configure: failed program was:
| /* confdefs.h */
| #define PACKAGE_NAME "pkcs11-helper"
| #define PACKAGE_TARNAME "pkcs11-helper"
| #define PACKAGE_VERSION "1.09"
| #define PACKAGE_STRING "pkcs11-helper 1.09"
| #define PACKAGE_BUGREPORT ""
| #define PACKAGE_URL ""
| #define PACKAGE "pkcs11-helper"
| #define VERSION "1.09"
| #define TEST_PROVIDER "/usr/lib/pkcs11/provider.so"
| #define TEST_LOG_LEVEL 3
| /* end confdefs.h.  */
| #include <ac_nonexistent.h>
configure:7751: result: gcc -E
configure:7771: gcc -E  conftest.c
configure:7771: $? = 0
configure:7785: gcc -E  conftest.c
conftest.c:13:28: error: ac_nonexistent.h: No such file or directory
configure:7785: $? = 1
configure: failed program was:
| /* confdefs.h */
| #define PACKAGE_NAME "pkcs11-helper"
| #define PACKAGE_TARNAME "pkcs11-helper"
| #define PACKAGE_VERSION "1.09"
| #define PACKAGE_STRING "pkcs11-helper 1.09"
| #define PACKAGE_BUGREPORT ""
| #define PACKAGE_URL ""
| #define PACKAGE "pkcs11-helper"
| #define VERSION "1.09"
| #define TEST_PROVIDER "/usr/lib/pkcs11/provider.so"
| #define TEST_LOG_LEVEL 3
| /* end confdefs.h.  */
| #include <ac_nonexistent.h>
configure:7814: checking for ANSI C header files
configure:7834: gcc -c -isysroot /Developer/SDKs/MacOSX10.6.sdk -Os -mmacosx-version-min=10.6 -arch i386  conftest.c >&5
configure:7834: $? = 0
configure:7907: gcc -o conftest -isysroot /Developer/SDKs/MacOSX10.6.sdk -Os -mmacosx-version-min=10.6 -arch i386   conftest.c  >&5
configure:7907: $? = 0
configure:7907: ./conftest
configure:7907: $? = 0
configure:7918: result: yes
configure:7931: checking for sys/types.h
configure:7931: gcc -c -isysroot /Developer/SDKs/MacOSX10.6.sdk -Os -mmacosx-version-min=10.6 -arch i386  conftest.c >&5
configure:7931: $? = 0
configure:7931: result: yes
configure:7931: checking for sys/stat.h
configure:7931: gcc -c -isysroot /Developer/SDKs/MacOSX10.6.sdk -Os -mmacosx-version-min=10.6 -arch i386  conftest.c >&5
configure:7931: $? = 0
configure:7931: result: yes
configure:7931: checking for stdlib.h
configure:7931: gcc -c -isysroot /Developer/SDKs/MacOSX10.6.sdk -Os -mmacosx-version-min=10.6 -arch i386  conftest.c >&5
configure:7931: $? = 0
configure:7931: result: yes
configure:7931: checking for string.h
configure:7931: gcc -c -isysroot /Developer/SDKs/MacOSX10.6.sdk -Os -mmacosx-version-min=10.6 -arch i386  conftest.c >&5
configure:7931: $? = 0
configure:7931: result: yes
configure:7931: checking for memory.h
configure:7931: gcc -c -isysroot /Developer/SDKs/MacOSX10.6.sdk -Os -mmacosx-version-min=10.6 -arch i386  conftest.c >&5
configure:7931: $? = 0
configure:7931: result: yes
configure:7931: checking for strings.h
configure:7931: gcc -c -isysroot /Developer/SDKs/MacOSX10.6.sdk -Os -mmacosx-version-min=10.6 -arch i386  conftest.c >&5
configure:7931: $? = 0
configure:7931: result: yes
configure:7931: checking for inttypes.h
configure:7931: gcc -c -isysroot /Developer/SDKs/MacOSX10.6.sdk -Os -mmacosx-version-min=10.6 -arch i386  conftest.c >&5
configure:7931: $? = 0
configure:7931: result: yes
configure:7931: checking for stdint.h
configure:7931: gcc -c -isysroot /Developer/SDKs/MacOSX10.6.sdk -Os -mmacosx-version-min=10.6 -arch i386  conftest.c >&5
configure:7931: $? = 0
configure:7931: result: yes
configure:7931: checking for unistd.h
configure:7931: gcc -c -isysroot /Developer/SDKs/MacOSX10.6.sdk -Os -mmacosx-version-min=10.6 -arch i386  conftest.c >&5
configure:7931: $? = 0
configure:7931: result: yes
configure:7945: checking for dlfcn.h
configure:7945: gcc -c -isysroot /Developer/SDKs/MacOSX10.6.sdk -Os -mmacosx-version-min=10.6 -arch i386  conftest.c >&5
configure:7945: $? = 0
configure:7945: result: yes
configure:8430: checking for objdir
configure:8445: result: .libs
configure:8716: checking if gcc supports -fno-rtti -fno-exceptions
configure:8734: gcc -c -isysroot /Developer/SDKs/MacOSX10.6.sdk -Os -mmacosx-version-min=10.6 -arch i386  -fno-rtti -fno-exceptions conftest.c >&5
cc1: warning: command line option "-fno-rtti" is valid for C++/ObjC++ but not for C
configure:8738: $? = 0
configure:8751: result: no
configure:9061: checking for gcc option to produce PIC
configure:9068: result: -fno-common -DPIC
configure:9076: checking if gcc PIC flag -fno-common -DPIC works
configure:9094: gcc -c -isysroot /Developer/SDKs/MacOSX10.6.sdk -Os -mmacosx-version-min=10.6 -arch i386  -fno-common -DPIC -DPIC conftest.c >&5
configure:9098: $? = 0
configure:9111: result: yes
configure:9140: checking if gcc static flag -static works
configure:9168: result: no
configure:9183: checking if gcc supports -c -o file.o
configure:9204: gcc -c -isysroot /Developer/SDKs/MacOSX10.6.sdk -Os -mmacosx-version-min=10.6 -arch i386  -o out/conftest2.o conftest.c >&5
configure:9208: $? = 0
configure:9230: result: yes
configure:9238: checking if gcc supports -c -o file.o
configure:9285: result: yes
configure:9318: checking whether the gcc linker (/Developer/usr/llvm-gcc-4.2/libexec/gcc/i686-apple-darwin11/4.2.1/ld) supports shared libraries
configure:10476: result: yes
configure:10721: checking dynamic linker characteristics
configure:11470: result: darwin11.2.0 dyld
configure:11577: checking how to hardcode library paths into programs
configure:11602: result: immediate
configure:12142: checking whether stripping libraries is possible
configure:12156: result: yes
configure:12182: checking if libtool supports shared libraries
configure:12184: result: yes
configure:12187: checking whether to build shared libraries
configure:12208: result: no
configure:12211: checking whether to build static libraries
configure:12215: result: yes
configure:12293: checking for windres
configure:12323: result: no
configure:12524: checking whether time.h and sys/time.h may both be included
configure:12544: gcc -c -isysroot /Developer/SDKs/MacOSX10.6.sdk -Os -mmacosx-version-min=10.6 -arch i386  conftest.c >&5
configure:12544: $? = 0
configure:12551: result: yes
configure:12565: checking for sys/time.h
configure:12565: gcc -c -isysroot /Developer/SDKs/MacOSX10.6.sdk -Os -mmacosx-version-min=10.6 -arch i386  conftest.c >&5
configure:12565: $? = 0
configure:12565: result: yes
configure:12565: checking for unistd.h
configure:12565: result: yes
configure:12586: checking for alarm
configure:12586: gcc -o conftest -isysroot /Developer/SDKs/MacOSX10.6.sdk -Os -mmacosx-version-min=10.6 -arch i386   conftest.c  >&5
configure:12586: $? = 0
configure:12586: result: yes
configure:12599: checking for working mktime
configure:12801: gcc -o conftest -isysroot /Developer/SDKs/MacOSX10.6.sdk -Os -mmacosx-version-min=10.6 -arch i386   conftest.c  >&5
configure:12801: $? = 0
configure:12801: ./conftest
configure:12801: $? = 0
configure:12811: result: yes
configure:12824: checking for vprintf
configure:12824: gcc -o conftest -isysroot /Developer/SDKs/MacOSX10.6.sdk -Os -mmacosx-version-min=10.6 -arch i386   conftest.c  >&5
conftest.c:52: warning: conflicting types for built-in function 'vprintf'
configure:12824: $? = 0
configure:12824: result: yes
configure:12830: checking for _doprnt
configure:12830: gcc -o conftest -isysroot /Developer/SDKs/MacOSX10.6.sdk -Os -mmacosx-version-min=10.6 -arch i386   conftest.c  >&5
Undefined symbols for architecture i386:
  "__doprnt", referenced from:
      _main in ccJ7F7xe.o
ld: symbol(s) not found for architecture i386
collect2: ld returned 1 exit status
configure:12830: $? = 1
configure: failed program was:
| /* confdefs.h */
| #define PACKAGE_NAME "pkcs11-helper"
| #define PACKAGE_TARNAME "pkcs11-helper"
| #define PACKAGE_VERSION "1.09"
| #define PACKAGE_STRING "pkcs11-helper 1.09"
| #define PACKAGE_BUGREPORT ""
| #define PACKAGE_URL ""
| #define PACKAGE "pkcs11-helper"
| #define VERSION "1.09"
| #define TEST_PROVIDER "/usr/lib/pkcs11/provider.so"
| #define TEST_LOG_LEVEL 3
| #define STDC_HEADERS 1
| #define HAVE_SYS_TYPES_H 1
| #define HAVE_SYS_STAT_H 1
| #define HAVE_STDLIB_H 1
| #define HAVE_STRING_H 1
| #define HAVE_MEMORY_H 1
| #define HAVE_STRINGS_H 1
| #define HAVE_INTTYPES_H 1
| #define HAVE_STDINT_H 1
| #define HAVE_UNISTD_H 1
| #define HAVE_DLFCN_H 1
| #define LT_OBJDIR ".libs/"
| #define TIME_WITH_SYS_TIME 1
| #define HAVE_SYS_TIME_H 1
| #define HAVE_UNISTD_H 1
| #define HAVE_ALARM 1
| #define HAVE_VPRINTF 1
| /* end confdefs.h.  */
| /* Define _doprnt to an innocuous variant, in case <limits.h> declares _doprnt.
|    For example, HP-UX 11i <limits.h> declares gettimeofday.  */
| #define _doprnt innocuous__doprnt
| 
| /* System header to define __stub macros and hopefully few prototypes,
|     which can conflict with char _doprnt (); below.
|     Prefer <limits.h> to <assert.h> if __STDC__ is defined, since
|     <limits.h> exists even on freestanding compilers.  */
| 
| #ifdef __STDC__
| # include <limits.h>
| #else
| # include <assert.h>
| #endif
| 
| #undef _doprnt
| 
| /* Override any GCC internal prototype to avoid an error.
|    Use char because int might match the return type of a GCC
|    builtin and then its argument prototype would still apply.  */
| #ifdef __cplusplus
| extern "C"
| #endif
| char _doprnt ();
| /* The GNU C library defines this for functions which it implements
|     to always fail with ENOSYS.  Some functions are actually named
|     something starting with __ and the normal name is an alias.  */
| #if defined __stub__doprnt || defined __stub____doprnt
| choke me
| #endif
| 
| int
| main ()
| {
| return _doprnt ();
|   ;
|   return 0;
| }
configure:12830: result: no
configure:12847: checking for gettimeofday
configure:12847: gcc -o conftest -isysroot /Developer/SDKs/MacOSX10.6.sdk -Os -mmacosx-version-min=10.6 -arch i386   conftest.c  >&5
configure:12847: $? = 0
configure:12847: result: yes
configure:12847: checking for memmove
configure:12847: gcc -o conftest -isysroot /Developer/SDKs/MacOSX10.6.sdk -Os -mmacosx-version-min=10.6 -arch i386   conftest.c  >&5
conftest.c:54: warning: conflicting types for built-in function 'memmove'
configure:12847: $? = 0
configure:12847: result: yes
configure:12847: checking for memset
configure:12847: gcc -o conftest -isysroot /Developer/SDKs/MacOSX10.6.sdk -Os -mmacosx-version-min=10.6 -arch i386   conftest.c  >&5
conftest.c:55: warning: conflicting types for built-in function 'memset'
configure:12847: $? = 0
configure:12847: result: yes
configure:12847: checking for socket
configure:12847: gcc -o conftest -isysroot /Developer/SDKs/MacOSX10.6.sdk -Os -mmacosx-version-min=10.6 -arch i386   conftest.c  >&5
configure:12847: $? = 0
configure:12847: result: yes
configure:12847: checking for strchr
configure:12847: gcc -o conftest -isysroot /Developer/SDKs/MacOSX10.6.sdk -Os -mmacosx-version-min=10.6 -arch i386   conftest.c  >&5
conftest.c:57: warning: conflicting types for built-in function 'strchr'
configure:12847: $? = 0
configure:12847: result: yes
configure:12847: checking for strdup
configure:12847: gcc -o conftest -isysroot /Developer/SDKs/MacOSX10.6.sdk -Os -mmacosx-version-min=10.6 -arch i386   conftest.c  >&5
conftest.c:58: warning: conflicting types for built-in function 'strdup'
configure:12847: $? = 0
configure:12847: result: yes
configure:12847: checking for strerror
configure:12847: gcc -o conftest -isysroot /Developer/SDKs/MacOSX10.6.sdk -Os -mmacosx-version-min=10.6 -arch i386   conftest.c  >&5
configure:12847: $? = 0
configure:12847: result: yes
configure:12847: checking for strrchr
configure:12847: gcc -o conftest -isysroot /Developer/SDKs/MacOSX10.6.sdk -Os -mmacosx-version-min=10.6 -arch i386   conftest.c  >&5
conftest.c:60: warning: conflicting types for built-in function 'strrchr'
configure:12847: $? = 0
configure:12847: result: yes
configure:12847: checking for snprintf
configure:12847: gcc -o conftest -isysroot /Developer/SDKs/MacOSX10.6.sdk -Os -mmacosx-version-min=10.6 -arch i386   conftest.c  >&5
conftest.c:61: warning: conflicting types for built-in function 'snprintf'
configure:12847: $? = 0
configure:12847: result: yes
configure:12858: checking for dlopen in -ldl
configure:12883: gcc -o conftest -isysroot /Developer/SDKs/MacOSX10.6.sdk -Os -mmacosx-version-min=10.6 -arch i386   conftest.c -ldl   >&5
configure:12883: $? = 0
configure:12892: result: yes
configure:12905: checking for pthread_create in -lpthread
configure:12930: gcc -o conftest -isysroot /Developer/SDKs/MacOSX10.6.sdk -Os -mmacosx-version-min=10.6 -arch i386   conftest.c -lpthread  -ldl  >&5
configure:12930: $? = 0
configure:12939: result: yes
configure:12954: checking for OPENSSL
configure:13019: result: yes
configure:13099: checking for GNUTLS
configure:13158: result: no
configure:13170: checking for NSS
configure:13229: result: no
configure:13241: checking for ANSI C header files
configure:13345: result: yes
configure:13353: checking for ISO C 1999 vararg macro support
configure:13366: gcc -c -isysroot /Developer/SDKs/MacOSX10.6.sdk -Os -mmacosx-version-min=10.6 -arch i386  conftest.c >&5
configure:13366: $? = 0
configure:13373: result: yes
configure:13381: checking for GNU GCC vararg macro support
configure:13394: gcc -c -isysroot /Developer/SDKs/MacOSX10.6.sdk -Os -mmacosx-version-min=10.6 -arch i386  conftest.c >&5
configure:13394: $? = 0
configure:13401: result: yes
configure:13409: checking for an ANSI C-conforming const
configure:13474: gcc -c -isysroot /Developer/SDKs/MacOSX10.6.sdk -Os -mmacosx-version-min=10.6 -arch i386  conftest.c >&5
configure:13474: $? = 0
configure:13481: result: yes
configure:13489: checking for working volatile
configure:13508: gcc -c -isysroot /Developer/SDKs/MacOSX10.6.sdk -Os -mmacosx-version-min=10.6 -arch i386  conftest.c >&5
configure:13508: $? = 0
configure:13515: result: yes
configure:13523: checking for off_t
configure:13523: gcc -c -isysroot /Developer/SDKs/MacOSX10.6.sdk -Os -mmacosx-version-min=10.6 -arch i386  conftest.c >&5
configure:13523: $? = 0
configure:13523: gcc -c -isysroot /Developer/SDKs/MacOSX10.6.sdk -Os -mmacosx-version-min=10.6 -arch i386  conftest.c >&5
conftest.c: In function 'main':
conftest.c:80: error: expected expression before ')' token
configure:13523: $? = 1
configure: failed program was:
| /* confdefs.h */
| #define PACKAGE_NAME "pkcs11-helper"
| #define PACKAGE_TARNAME "pkcs11-helper"
| #define PACKAGE_VERSION "1.09"
| #define PACKAGE_STRING "pkcs11-helper 1.09"
| #define PACKAGE_BUGREPORT ""
| #define PACKAGE_URL ""
| #define PACKAGE "pkcs11-helper"
| #define VERSION "1.09"
| #define TEST_PROVIDER "/usr/lib/pkcs11/provider.so"
| #define TEST_LOG_LEVEL 3
| #define STDC_HEADERS 1
| #define HAVE_SYS_TYPES_H 1
| #define HAVE_SYS_STAT_H 1
| #define HAVE_STDLIB_H 1
| #define HAVE_STRING_H 1
| #define HAVE_MEMORY_H 1
| #define HAVE_STRINGS_H 1
| #define HAVE_INTTYPES_H 1
| #define HAVE_STDINT_H 1
| #define HAVE_UNISTD_H 1
| #define HAVE_DLFCN_H 1
| #define LT_OBJDIR ".libs/"
| #define TIME_WITH_SYS_TIME 1
| #define HAVE_SYS_TIME_H 1
| #define HAVE_UNISTD_H 1
| #define HAVE_ALARM 1
| #define HAVE_VPRINTF 1
| #define HAVE_GETTIMEOFDAY 1
| #define HAVE_MEMMOVE 1
| #define HAVE_MEMSET 1
| #define HAVE_SOCKET 1
| #define HAVE_STRCHR 1
| #define HAVE_STRDUP 1
| #define HAVE_STRERROR 1
| #define HAVE_STRRCHR 1
| #define HAVE_SNPRINTF 1
| #define HAVE_LIBDL 1
| #define HAVE_LIBPTHREAD 1
| #define STDC_HEADERS 1
| #define HAVE_CPP_VARARG_MACRO_ISO 1
| #define HAVE_CPP_VARARG_MACRO_GCC 1
| /* end confdefs.h.  */
| #include <stdio.h>
| #ifdef HAVE_SYS_TYPES_H
| # include <sys/types.h>
| #endif
| #ifdef HAVE_SYS_STAT_H
| # include <sys/stat.h>
| #endif
| #ifdef STDC_HEADERS
| # include <stdlib.h>
| # include <stddef.h>
| #else
| # ifdef HAVE_STDLIB_H
| #  include <stdlib.h>
| # endif
| #endif
| #ifdef HAVE_STRING_H
| # if !defined STDC_HEADERS && defined HAVE_MEMORY_H
| #  include <memory.h>
| # endif
| # include <string.h>
| #endif
| #ifdef HAVE_STRINGS_H
| # include <strings.h>
| #endif
| #ifdef HAVE_INTTYPES_H
| # include <inttypes.h>
| #endif
| #ifdef HAVE_STDINT_H
| # include <stdint.h>
| #endif
| #ifdef HAVE_UNISTD_H
| # include <unistd.h>
| #endif
| int
| main ()
| {
| if (sizeof ((off_t)))
| 	    return 0;
|   ;
|   return 0;
| }
configure:13523: result: yes
configure:13534: checking for pid_t
configure:13534: gcc -c -isysroot /Developer/SDKs/MacOSX10.6.sdk -Os -mmacosx-version-min=10.6 -arch i386  conftest.c >&5
configure:13534: $? = 0
configure:13534: gcc -c -isysroot /Developer/SDKs/MacOSX10.6.sdk -Os -mmacosx-version-min=10.6 -arch i386  conftest.c >&5
conftest.c: In function 'main':
conftest.c:80: error: expected expression before ')' token
configure:13534: $? = 1
configure: failed program was:
| /* confdefs.h */
| #define PACKAGE_NAME "pkcs11-helper"
| #define PACKAGE_TARNAME "pkcs11-helper"
| #define PACKAGE_VERSION "1.09"
| #define PACKAGE_STRING "pkcs11-helper 1.09"
| #define PACKAGE_BUGREPORT ""
| #define PACKAGE_URL ""
| #define PACKAGE "pkcs11-helper"
| #define VERSION "1.09"
| #define TEST_PROVIDER "/usr/lib/pkcs11/provider.so"
| #define TEST_LOG_LEVEL 3
| #define STDC_HEADERS 1
| #define HAVE_SYS_TYPES_H 1
| #define HAVE_SYS_STAT_H 1
| #define HAVE_STDLIB_H 1
| #define HAVE_STRING_H 1
| #define HAVE_MEMORY_H 1
| #define HAVE_STRINGS_H 1
| #define HAVE_INTTYPES_H 1
| #define HAVE_STDINT_H 1
| #define HAVE_UNISTD_H 1
| #define HAVE_DLFCN_H 1
| #define LT_OBJDIR ".libs/"
| #define TIME_WITH_SYS_TIME 1
| #define HAVE_SYS_TIME_H 1
| #define HAVE_UNISTD_H 1
| #define HAVE_ALARM 1
| #define HAVE_VPRINTF 1
| #define HAVE_GETTIMEOFDAY 1
| #define HAVE_MEMMOVE 1
| #define HAVE_MEMSET 1
| #define HAVE_SOCKET 1
| #define HAVE_STRCHR 1
| #define HAVE_STRDUP 1
| #define HAVE_STRERROR 1
| #define HAVE_STRRCHR 1
| #define HAVE_SNPRINTF 1
| #define HAVE_LIBDL 1
| #define HAVE_LIBPTHREAD 1
| #define STDC_HEADERS 1
| #define HAVE_CPP_VARARG_MACRO_ISO 1
| #define HAVE_CPP_VARARG_MACRO_GCC 1
| /* end confdefs.h.  */
| #include <stdio.h>
| #ifdef HAVE_SYS_TYPES_H
| # include <sys/types.h>
| #endif
| #ifdef HAVE_SYS_STAT_H
| # include <sys/stat.h>
| #endif
| #ifdef STDC_HEADERS
| # include <stdlib.h>
| # include <stddef.h>
| #else
| # ifdef HAVE_STDLIB_H
| #  include <stdlib.h>
| # endif
| #endif
| #ifdef HAVE_STRING_H
| # if !defined STDC_HEADERS && defined HAVE_MEMORY_H
| #  include <memory.h>
| # endif
| # include <string.h>
| #endif
| #ifdef HAVE_STRINGS_H
| # include <strings.h>
| #endif
| #ifdef HAVE_INTTYPES_H
| # include <inttypes.h>
| #endif
| #ifdef HAVE_STDINT_H
| # include <stdint.h>
| #endif
| #ifdef HAVE_UNISTD_H
| # include <unistd.h>
| #endif
| int
| main ()
| {
| if (sizeof ((pid_t)))
| 	    return 0;
|   ;
|   return 0;
| }
configure:13534: result: yes
configure:13545: checking for size_t
configure:13545: gcc -c -isysroot /Developer/SDKs/MacOSX10.6.sdk -Os -mmacosx-version-min=10.6 -arch i386  conftest.c >&5
configure:13545: $? = 0
configure:13545: gcc -c -isysroot /Developer/SDKs/MacOSX10.6.sdk -Os -mmacosx-version-min=10.6 -arch i386  conftest.c >&5
conftest.c: In function 'main':
conftest.c:80: error: expected expression before ')' token
configure:13545: $? = 1
configure: failed program was:
| /* confdefs.h */
| #define PACKAGE_NAME "pkcs11-helper"
| #define PACKAGE_TARNAME "pkcs11-helper"
| #define PACKAGE_VERSION "1.09"
| #define PACKAGE_STRING "pkcs11-helper 1.09"
| #define PACKAGE_BUGREPORT ""
| #define PACKAGE_URL ""
| #define PACKAGE "pkcs11-helper"
| #define VERSION "1.09"
| #define TEST_PROVIDER "/usr/lib/pkcs11/provider.so"
| #define TEST_LOG_LEVEL 3
| #define STDC_HEADERS 1
| #define HAVE_SYS_TYPES_H 1
| #define HAVE_SYS_STAT_H 1
| #define HAVE_STDLIB_H 1
| #define HAVE_STRING_H 1
| #define HAVE_MEMORY_H 1
| #define HAVE_STRINGS_H 1
| #define HAVE_INTTYPES_H 1
| #define HAVE_STDINT_H 1
| #define HAVE_UNISTD_H 1
| #define HAVE_DLFCN_H 1
| #define LT_OBJDIR ".libs/"
| #define TIME_WITH_SYS_TIME 1
| #define HAVE_SYS_TIME_H 1
| #define HAVE_UNISTD_H 1
| #define HAVE_ALARM 1
| #define HAVE_VPRINTF 1
| #define HAVE_GETTIMEOFDAY 1
| #define HAVE_MEMMOVE 1
| #define HAVE_MEMSET 1
| #define HAVE_SOCKET 1
| #define HAVE_STRCHR 1
| #define HAVE_STRDUP 1
| #define HAVE_STRERROR 1
| #define HAVE_STRRCHR 1
| #define HAVE_SNPRINTF 1
| #define HAVE_LIBDL 1
| #define HAVE_LIBPTHREAD 1
| #define STDC_HEADERS 1
| #define HAVE_CPP_VARARG_MACRO_ISO 1
| #define HAVE_CPP_VARARG_MACRO_GCC 1
| /* end confdefs.h.  */
| #include <stdio.h>
| #ifdef HAVE_SYS_TYPES_H
| # include <sys/types.h>
| #endif
| #ifdef HAVE_SYS_STAT_H
| # include <sys/stat.h>
| #endif
| #ifdef STDC_HEADERS
| # include <stdlib.h>
| # include <stddef.h>
| #else
| # ifdef HAVE_STDLIB_H
| #  include <stdlib.h>
| # endif
| #endif
| #ifdef HAVE_STRING_H
| # if !defined STDC_HEADERS && defined HAVE_MEMORY_H
| #  include <memory.h>
| # endif
| # include <string.h>
| #endif
| #ifdef HAVE_STRINGS_H
| # include <strings.h>
| #endif
| #ifdef HAVE_INTTYPES_H
| # include <inttypes.h>
| #endif
| #ifdef HAVE_STDINT_H
| # include <stdint.h>
| #endif
| #ifdef HAVE_UNISTD_H
| # include <unistd.h>
| #endif
| int
| main ()
| {
| if (sizeof ((size_t)))
| 	    return 0;
|   ;
|   return 0;
| }
configure:13545: result: yes
configure:13556: checking whether time.h and sys/time.h may both be included
configure:13583: result: yes
configure:13591: checking whether struct tm is in sys/time.h or time.h
configure:13611: gcc -c -isysroot /Developer/SDKs/MacOSX10.6.sdk -Os -mmacosx-version-min=10.6 -arch i386  conftest.c >&5
configure:13611: $? = 0
configure:13618: result: time.h
configure:13626: checking for size_t
configure:13626: result: yes
configure:13640: checking size of size_t
configure:13645: gcc -o conftest -isysroot /Developer/SDKs/MacOSX10.6.sdk -Os -mmacosx-version-min=10.6 -arch i386   conftest.c -lpthread -ldl  >&5
configure:13645: $? = 0
configure:13645: ./conftest
configure:13645: $? = 0
configure:13659: result: 4
configure:13668: checking size_t printf format
configure:13675: result: %08x
configure:13694: checking stdio.h usability
configure:13694: gcc -c -isysroot /Developer/SDKs/MacOSX10.6.sdk -Os -mmacosx-version-min=10.6 -arch i386  conftest.c >&5
configure:13694: $? = 0
configure:13694: result: yes
configure:13694: checking stdio.h presence
configure:13694: gcc -E  conftest.c
configure:13694: $? = 0
configure:13694: result: yes
configure:13694: checking for stdio.h
configure:13694: result: yes
configure:13694: checking for stdlib.h
configure:13694: result: yes
configure:13694: checking stdargs.h usability
configure:13694: gcc -c -isysroot /Developer/SDKs/MacOSX10.6.sdk -Os -mmacosx-version-min=10.6 -arch i386  conftest.c >&5
conftest.c:82:21: error: stdargs.h: No such file or directory
configure:13694: $? = 1
configure: failed program was:
| /* confdefs.h */
| #define PACKAGE_NAME "pkcs11-helper"
| #define PACKAGE_TARNAME "pkcs11-helper"
| #define PACKAGE_VERSION "1.09"
| #define PACKAGE_STRING "pkcs11-helper 1.09"
| #define PACKAGE_BUGREPORT ""
| #define PACKAGE_URL ""
| #define PACKAGE "pkcs11-helper"
| #define VERSION "1.09"
| #define TEST_PROVIDER "/usr/lib/pkcs11/provider.so"
| #define TEST_LOG_LEVEL 3
| #define STDC_HEADERS 1
| #define HAVE_SYS_TYPES_H 1
| #define HAVE_SYS_STAT_H 1
| #define HAVE_STDLIB_H 1
| #define HAVE_STRING_H 1
| #define HAVE_MEMORY_H 1
| #define HAVE_STRINGS_H 1
| #define HAVE_INTTYPES_H 1
| #define HAVE_STDINT_H 1
| #define HAVE_UNISTD_H 1
| #define HAVE_DLFCN_H 1
| #define LT_OBJDIR ".libs/"
| #define TIME_WITH_SYS_TIME 1
| #define HAVE_SYS_TIME_H 1
| #define HAVE_UNISTD_H 1
| #define HAVE_ALARM 1
| #define HAVE_VPRINTF 1
| #define HAVE_GETTIMEOFDAY 1
| #define HAVE_MEMMOVE 1
| #define HAVE_MEMSET 1
| #define HAVE_SOCKET 1
| #define HAVE_STRCHR 1
| #define HAVE_STRDUP 1
| #define HAVE_STRERROR 1
| #define HAVE_STRRCHR 1
| #define HAVE_SNPRINTF 1
| #define HAVE_LIBDL 1
| #define HAVE_LIBPTHREAD 1
| #define STDC_HEADERS 1
| #define HAVE_CPP_VARARG_MACRO_ISO 1
| #define HAVE_CPP_VARARG_MACRO_GCC 1
| #define TIME_WITH_SYS_TIME 1
| #define SIZEOF_SIZE_T 4
| #define PRINTF_Z_FORMAT 		"%08x"
| #define HAVE_STDIO_H 1
| #define HAVE_STDLIB_H 1
| /* end confdefs.h.  */
| #include <stdio.h>
| #ifdef HAVE_SYS_TYPES_H
| # include <sys/types.h>
| #endif
| #ifdef HAVE_SYS_STAT_H
| # include <sys/stat.h>
| #endif
| #ifdef STDC_HEADERS
| # include <stdlib.h>
| # include <stddef.h>
| #else
| # ifdef HAVE_STDLIB_H
| #  include <stdlib.h>
| # endif
| #endif
| #ifdef HAVE_STRING_H
| # if !defined STDC_HEADERS && defined HAVE_MEMORY_H
| #  include <memory.h>
| # endif
| # include <string.h>
| #endif
| #ifdef HAVE_STRINGS_H
| # include <strings.h>
| #endif
| #ifdef HAVE_INTTYPES_H
| # include <inttypes.h>
| #endif
| #ifdef HAVE_STDINT_H
| # include <stdint.h>
| #endif
| #ifdef HAVE_UNISTD_H
| # include <unistd.h>
| #endif
| #include <stdargs.h>
configure:13694: result: no
configure:13694: checking stdargs.h presence
configure:13694: gcc -E  conftest.c
conftest.c:49:21: error: stdargs.h: No such file or directory
configure:13694: $? = 1
configure: failed program was:
| /* confdefs.h */
| #define PACKAGE_NAME "pkcs11-helper"
| #define PACKAGE_TARNAME "pkcs11-helper"
| #define PACKAGE_VERSION "1.09"
| #define PACKAGE_STRING "pkcs11-helper 1.09"
| #define PACKAGE_BUGREPORT ""
| #define PACKAGE_URL ""
| #define PACKAGE "pkcs11-helper"
| #define VERSION "1.09"
| #define TEST_PROVIDER "/usr/lib/pkcs11/provider.so"
| #define TEST_LOG_LEVEL 3
| #define STDC_HEADERS 1
| #define HAVE_SYS_TYPES_H 1
| #define HAVE_SYS_STAT_H 1
| #define HAVE_STDLIB_H 1
| #define HAVE_STRING_H 1
| #define HAVE_MEMORY_H 1
| #define HAVE_STRINGS_H 1
| #define HAVE_INTTYPES_H 1
| #define HAVE_STDINT_H 1
| #define HAVE_UNISTD_H 1
| #define HAVE_DLFCN_H 1
| #define LT_OBJDIR ".libs/"
| #define TIME_WITH_SYS_TIME 1
| #define HAVE_SYS_TIME_H 1
| #define HAVE_UNISTD_H 1
| #define HAVE_ALARM 1
| #define HAVE_VPRINTF 1
| #define HAVE_GETTIMEOFDAY 1
| #define HAVE_MEMMOVE 1
| #define HAVE_MEMSET 1
| #define HAVE_SOCKET 1
| #define HAVE_STRCHR 1
| #define HAVE_STRDUP 1
| #define HAVE_STRERROR 1
| #define HAVE_STRRCHR 1
| #define HAVE_SNPRINTF 1
| #define HAVE_LIBDL 1
| #define HAVE_LIBPTHREAD 1
| #define STDC_HEADERS 1
| #define HAVE_CPP_VARARG_MACRO_ISO 1
| #define HAVE_CPP_VARARG_MACRO_GCC 1
| #define TIME_WITH_SYS_TIME 1
| #define SIZEOF_SIZE_T 4
| #define PRINTF_Z_FORMAT 		"%08x"
| #define HAVE_STDIO_H 1
| #define HAVE_STDLIB_H 1
| /* end confdefs.h.  */
| #include <stdargs.h>
configure:13694: result: no
configure:13694: checking for stdargs.h
configure:13694: result: no
configure:13694: checking malloc.h usability
configure:13694: gcc -c -isysroot /Developer/SDKs/MacOSX10.6.sdk -Os -mmacosx-version-min=10.6 -arch i386  conftest.c >&5
conftest.c:82:20: error: malloc.h: No such file or directory
configure:13694: $? = 1
configure: failed program was:
| /* confdefs.h */
| #define PACKAGE_NAME "pkcs11-helper"
| #define PACKAGE_TARNAME "pkcs11-helper"
| #define PACKAGE_VERSION "1.09"
| #define PACKAGE_STRING "pkcs11-helper 1.09"
| #define PACKAGE_BUGREPORT ""
| #define PACKAGE_URL ""
| #define PACKAGE "pkcs11-helper"
| #define VERSION "1.09"
| #define TEST_PROVIDER "/usr/lib/pkcs11/provider.so"
| #define TEST_LOG_LEVEL 3
| #define STDC_HEADERS 1
| #define HAVE_SYS_TYPES_H 1
| #define HAVE_SYS_STAT_H 1
| #define HAVE_STDLIB_H 1
| #define HAVE_STRING_H 1
| #define HAVE_MEMORY_H 1
| #define HAVE_STRINGS_H 1
| #define HAVE_INTTYPES_H 1
| #define HAVE_STDINT_H 1
| #define HAVE_UNISTD_H 1
| #define HAVE_DLFCN_H 1
| #define LT_OBJDIR ".libs/"
| #define TIME_WITH_SYS_TIME 1
| #define HAVE_SYS_TIME_H 1
| #define HAVE_UNISTD_H 1
| #define HAVE_ALARM 1
| #define HAVE_VPRINTF 1
| #define HAVE_GETTIMEOFDAY 1
| #define HAVE_MEMMOVE 1
| #define HAVE_MEMSET 1
| #define HAVE_SOCKET 1
| #define HAVE_STRCHR 1
| #define HAVE_STRDUP 1
| #define HAVE_STRERROR 1
| #define HAVE_STRRCHR 1
| #define HAVE_SNPRINTF 1
| #define HAVE_LIBDL 1
| #define HAVE_LIBPTHREAD 1
| #define STDC_HEADERS 1
| #define HAVE_CPP_VARARG_MACRO_ISO 1
| #define HAVE_CPP_VARARG_MACRO_GCC 1
| #define TIME_WITH_SYS_TIME 1
| #define SIZEOF_SIZE_T 4
| #define PRINTF_Z_FORMAT 		"%08x"
| #define HAVE_STDIO_H 1
| #define HAVE_STDLIB_H 1
| /* end confdefs.h.  */
| #include <stdio.h>
| #ifdef HAVE_SYS_TYPES_H
| # include <sys/types.h>
| #endif
| #ifdef HAVE_SYS_STAT_H
| # include <sys/stat.h>
| #endif
| #ifdef STDC_HEADERS
| # include <stdlib.h>
| # include <stddef.h>
| #else
| # ifdef HAVE_STDLIB_H
| #  include <stdlib.h>
| # endif
| #endif
| #ifdef HAVE_STRING_H
| # if !defined STDC_HEADERS && defined HAVE_MEMORY_H
| #  include <memory.h>
| # endif
| # include <string.h>
| #endif
| #ifdef HAVE_STRINGS_H
| # include <strings.h>
| #endif
| #ifdef HAVE_INTTYPES_H
| # include <inttypes.h>
| #endif
| #ifdef HAVE_STDINT_H
| # include <stdint.h>
| #endif
| #ifdef HAVE_UNISTD_H
| # include <unistd.h>
| #endif
| #include <malloc.h>
configure:13694: result: no
configure:13694: checking malloc.h presence
configure:13694: gcc -E  conftest.c
conftest.c:49:20: error: malloc.h: No such file or directory
configure:13694: $? = 1
configure: failed program was:
| /* confdefs.h */
| #define PACKAGE_NAME "pkcs11-helper"
| #define PACKAGE_TARNAME "pkcs11-helper"
| #define PACKAGE_VERSION "1.09"
| #define PACKAGE_STRING "pkcs11-helper 1.09"
| #define PACKAGE_BUGREPORT ""
| #define PACKAGE_URL ""
| #define PACKAGE "pkcs11-helper"
| #define VERSION "1.09"
| #define TEST_PROVIDER "/usr/lib/pkcs11/provider.so"
| #define TEST_LOG_LEVEL 3
| #define STDC_HEADERS 1
| #define HAVE_SYS_TYPES_H 1
| #define HAVE_SYS_STAT_H 1
| #define HAVE_STDLIB_H 1
| #define HAVE_STRING_H 1
| #define HAVE_MEMORY_H 1
| #define HAVE_STRINGS_H 1
| #define HAVE_INTTYPES_H 1
| #define HAVE_STDINT_H 1
| #define HAVE_UNISTD_H 1
| #define HAVE_DLFCN_H 1
| #define LT_OBJDIR ".libs/"
| #define TIME_WITH_SYS_TIME 1
| #define HAVE_SYS_TIME_H 1
| #define HAVE_UNISTD_H 1
| #define HAVE_ALARM 1
| #define HAVE_VPRINTF 1
| #define HAVE_GETTIMEOFDAY 1
| #define HAVE_MEMMOVE 1
| #define HAVE_MEMSET 1
| #define HAVE_SOCKET 1
| #define HAVE_STRCHR 1
| #define HAVE_STRDUP 1
| #define HAVE_STRERROR 1
| #define HAVE_STRRCHR 1
| #define HAVE_SNPRINTF 1
| #define HAVE_LIBDL 1
| #define HAVE_LIBPTHREAD 1
| #define STDC_HEADERS 1
| #define HAVE_CPP_VARARG_MACRO_ISO 1
| #define HAVE_CPP_VARARG_MACRO_GCC 1
| #define TIME_WITH_SYS_TIME 1
| #define SIZEOF_SIZE_T 4
| #define PRINTF_Z_FORMAT 		"%08x"
| #define HAVE_STDIO_H 1
| #define HAVE_STDLIB_H 1
| /* end confdefs.h.  */
| #include <malloc.h>
configure:13694: result: no
configure:13694: checking for malloc.h
configure:13694: result: no
configure:13694: checking ctype.h usability
configure:13694: gcc -c -isysroot /Developer/SDKs/MacOSX10.6.sdk -Os -mmacosx-version-min=10.6 -arch i386  conftest.c >&5
configure:13694: $? = 0
configure:13694: result: yes
configure:13694: checking ctype.h presence
configure:13694: gcc -E  conftest.c
configure:13694: $? = 0
configure:13694: result: yes
configure:13694: checking for ctype.h
configure:13694: result: yes
configure:13694: checking for string.h
configure:13694: result: yes
configure:13694: checking errno.h usability
configure:13694: gcc -c -isysroot /Developer/SDKs/MacOSX10.6.sdk -Os -mmacosx-version-min=10.6 -arch i386  conftest.c >&5
configure:13694: $? = 0
configure:13694: result: yes
configure:13694: checking errno.h presence
configure:13694: gcc -E  conftest.c
configure:13694: $? = 0
configure:13694: result: yes
configure:13694: checking for errno.h
configure:13694: result: yes
configure:13694: checking assert.h usability
configure:13694: gcc -c -isysroot /Developer/SDKs/MacOSX10.6.sdk -Os -mmacosx-version-min=10.6 -arch i386  conftest.c >&5
configure:13694: $? = 0
configure:13694: result: yes
configure:13694: checking assert.h presence
configure:13694: gcc -E  conftest.c
configure:13694: $? = 0
configure:13694: result: yes
configure:13694: checking for assert.h
configure:13694: result: yes
configure:13694: checking time.h usability
configure:13694: gcc -c -isysroot /Developer/SDKs/MacOSX10.6.sdk -Os -mmacosx-version-min=10.6 -arch i386  conftest.c >&5
configure:13694: $? = 0
configure:13694: result: yes
configure:13694: checking time.h presence
configure:13694: gcc -E  conftest.c
configure:13694: $? = 0
configure:13694: result: yes
configure:13694: checking for time.h
configure:13694: result: yes
configure:13714: checking signal.h usability
configure:13714: gcc -c -isysroot /Developer/SDKs/MacOSX10.6.sdk -Os -mmacosx-version-min=10.6 -arch i386  conftest.c >&5
configure:13714: $? = 0
configure:13714: result: yes
configure:13714: checking signal.h presence
configure:13714: gcc -E  conftest.c
configure:13714: $? = 0
configure:13714: result: yes
configure:13714: checking for signal.h
configure:13714: result: yes
configure:13714: checking for dlfcn.h
configure:13714: result: yes
configure:13714: checking for unistd.h
configure:13714: result: yes
configure:13714: checking for sys/time.h
configure:13714: result: yes
configure:13714: checking pthread.h usability
configure:13714: gcc -c -isysroot /Developer/SDKs/MacOSX10.6.sdk -Os -mmacosx-version-min=10.6 -arch i386  conftest.c >&5
configure:13714: $? = 0
configure:13714: result: yes
configure:13714: checking pthread.h presence
configure:13714: gcc -E  conftest.c
configure:13714: $? = 0
configure:13714: result: yes
configure:13714: checking for pthread.h
configure:13714: result: yes
configure:13726: checking OpenSSL interface
configure:13732: result: yes
configure:13741: checking Win32 crypto engine
configure:13750: result: no
configure:13754: checking OpenSSL crypto engine
configure:13758: result: yes
configure:13778: checking GnuTLS crypto engine
configure:13790: result: no
configure:13798: checking NSS crypto engine
configure:13810: result: no
configure:14138: creating ./config.status

## ---------------------- ##
## Running config.status. ##
## ---------------------- ##

This file was extended by pkcs11-helper config.status 1.09, which was
generated by GNU Autoconf 2.68.  Invocation command line was

  CONFIG_FILES    = 
  CONFIG_HEADERS  = 
  CONFIG_LINKS    = 
  CONFIG_COMMANDS = 
  $ ./config.status 

on Lions-Mac.local

config.status:1240: creating Makefile
config.status:1240: creating config-w32-vc.h
config.status:1240: creating include/Makefile
config.status:1240: creating include/pkcs11-helper-1.0/Makefile
config.status:1240: creating include/pkcs11-helper-1.0/pkcs11h-version.h
config.status:1240: creating man/Makefile
config.status:1240: creating doc/Makefile
config.status:1240: creating doc/api/Makefile
config.status:1240: creating doc/api/Doxyfile
config.status:1240: creating lib/Makefile
config.status:1240: creating lib/libpkcs11-helper-1.pc
config.status:1240: creating lib/versioninfo.rc
config.status:1240: creating m4dir/Makefile
config.status:1240: creating distro/Makefile
config.status:1240: creating distro/rpm/Makefile
config.status:1240: creating distro/rpm/pkcs11-helper.spec
config.status:1240: creating distro/debian/Makefile
config.status:1240: creating tests/Makefile
config.status:1240: creating tests/test-basic/Makefile
config.status:1240: creating tests/test-certificate/Makefile
config.status:1240: creating tests/test-slotevent/Makefile
config.status:1240: creating config.h
config.status:1421: config.h is unchanged
config.status:1469: executing depfiles commands
config.status:1469: executing libtool commands

## ---------------- ##
## Cache variables. ##
## ---------------- ##

ac_cv_build=x86_64-apple-darwin11.2.0
ac_cv_c_compiler_gnu=yes
ac_cv_c_const=yes
ac_cv_c_volatile=yes
ac_cv_env_CC_set=set
ac_cv_env_CC_value=gcc
ac_cv_env_CFLAGS_set=set
ac_cv_env_CFLAGS_value='-isysroot /Developer/SDKs/MacOSX10.6.sdk -Os -mmacosx-version-min=10.6 -arch i386'
ac_cv_env_CPPFLAGS_set=
ac_cv_env_CPPFLAGS_value=
ac_cv_env_CPP_set=
ac_cv_env_CPP_value=
ac_cv_env_DOXYGEN_set=
ac_cv_env_DOXYGEN_value=
ac_cv_env_GNUTLS_CFLAGS_set=
ac_cv_env_GNUTLS_CFLAGS_value=
ac_cv_env_GNUTLS_LIBS_set=
ac_cv_env_GNUTLS_LIBS_value=
ac_cv_env_LDFLAGS_set=
ac_cv_env_LDFLAGS_value=
ac_cv_env_LIBS_set=
ac_cv_env_LIBS_value=
ac_cv_env_M4_set=
ac_cv_env_M4_value=
ac_cv_env_MAN2HTML_set=
ac_cv_env_MAN2HTML_value=
ac_cv_env_NSS_CFLAGS_set=
ac_cv_env_NSS_CFLAGS_value=
ac_cv_env_NSS_LIBS_set=
ac_cv_env_NSS_LIBS_value=
ac_cv_env_OPENSSL_CFLAGS_set=set
ac_cv_env_OPENSSL_CFLAGS_value=-I/Users/User/Working/tunnelblick/third_party/build/staging/openssl-1.0.0e/include/i386
ac_cv_env_OPENSSL_LIBS_set=set
ac_cv_env_OPENSSL_LIBS_value='-L/Users/User/Working/tunnelblick/third_party/build/staging/openssl-1.0.0e/lib -lssl -lcrypto -lz'
ac_cv_env_PKG_CONFIG_LIBDIR_set=
ac_cv_env_PKG_CONFIG_LIBDIR_value=
ac_cv_env_PKG_CONFIG_PATH_set=
ac_cv_env_PKG_CONFIG_PATH_value=
ac_cv_env_PKG_CONFIG_set=
ac_cv_env_PKG_CONFIG_value=
ac_cv_env_build_alias_set=
ac_cv_env_build_alias_value=
ac_cv_env_host_alias_set=
ac_cv_env_host_alias_value=
ac_cv_env_target_alias_set=
ac_cv_env_target_alias_value=
ac_cv_func__doprnt=no
ac_cv_func_alarm=yes
ac_cv_func_gettimeofday=yes
ac_cv_func_memmove=yes
ac_cv_func_memset=yes
ac_cv_func_snprintf=yes
ac_cv_func_socket=yes
ac_cv_func_strchr=yes
ac_cv_func_strdup=yes
ac_cv_func_strerror=yes
ac_cv_func_strrchr=yes
ac_cv_func_vprintf=yes
ac_cv_func_working_mktime=yes
ac_cv_header_assert_h=yes
ac_cv_header_ctype_h=yes
ac_cv_header_dlfcn_h=yes
ac_cv_header_errno_h=yes
ac_cv_header_inttypes_h=yes
ac_cv_header_malloc_h=no
ac_cv_header_memory_h=yes
ac_cv_header_pthread_h=yes
ac_cv_header_signal_h=yes
ac_cv_header_stdargs_h=no
ac_cv_header_stdc=yes
ac_cv_header_stdint_h=yes
ac_cv_header_stdio_h=yes
ac_cv_header_stdlib_h=yes
ac_cv_header_string_h=yes
ac_cv_header_strings_h=yes
ac_cv_header_sys_stat_h=yes
ac_cv_header_sys_time_h=yes
ac_cv_header_sys_types_h=yes
ac_cv_header_time=yes
ac_cv_header_time_h=yes
ac_cv_header_unistd_h=yes
ac_cv_host=x86_64-apple-darwin11.2.0
ac_cv_lib_dl_dlopen=yes
ac_cv_lib_pthread_pthread_create=yes
ac_cv_objext=o
ac_cv_path_EGREP='/usr/bin/grep -E'
ac_cv_path_FGREP='/usr/bin/grep -F'
ac_cv_path_GREP=/usr/bin/grep
ac_cv_path_SED=/usr/bin/sed
ac_cv_path_install='/usr/bin/install -c'
ac_cv_prog_AWK=awk
ac_cv_prog_CPP='gcc -E'
ac_cv_prog_M4=m4
ac_cv_prog_ac_ct_AR=ar
ac_cv_prog_ac_ct_CC=gcc
ac_cv_prog_ac_ct_DSYMUTIL=dsymutil
ac_cv_prog_ac_ct_LIPO=lipo
ac_cv_prog_ac_ct_NMEDIT=nmedit
ac_cv_prog_ac_ct_OTOOL=otool
ac_cv_prog_ac_ct_RANLIB=ranlib
ac_cv_prog_ac_ct_STRIP=strip
ac_cv_prog_cc_c89=
ac_cv_prog_cc_g=yes
ac_cv_prog_make_make_set=yes
ac_cv_sizeof_size_t=4
ac_cv_struct_tm=time.h
ac_cv_type_off_t=yes
ac_cv_type_pid_t=yes
ac_cv_type_size_t=yes
am_cv_CC_dependencies_compiler_type=none
ax_cv_cpp_vararg_macro_gcc=yes
ax_cv_cpp_vararg_macro_iso=yes
ax_cv_printf_z_format=%08x
lt_cv_apple_cc_single_mod=yes
lt_cv_ar_at_file=no
lt_cv_deplibs_check_method=pass_all
lt_cv_file_magic_cmd='$MAGIC_CMD'
lt_cv_file_magic_test_file=
lt_cv_ld_exported_symbols_list=yes
lt_cv_ld_force_load=yes
lt_cv_ld_reload_flag=-r
lt_cv_nm_interface='BSD nm'
lt_cv_objdir=.libs
lt_cv_path_LD=/Developer/usr/llvm-gcc-4.2/libexec/gcc/i686-apple-darwin11/4.2.1/ld
lt_cv_path_NM=/Developer/usr/bin/nm
lt_cv_path_mainfest_tool=no
lt_cv_prog_compiler_c_o=yes
lt_cv_prog_compiler_c_o_RC=yes
lt_cv_prog_compiler_pic='-fno-common -DPIC'
lt_cv_prog_compiler_pic_works=yes
lt_cv_prog_compiler_rtti_exceptions=no
lt_cv_prog_compiler_static_works=no
lt_cv_prog_gnu_ld=no
lt_cv_sharedlib_from_linklib_cmd='printf %s\n'
lt_cv_sys_global_symbol_pipe='sed -n -e '\''s/^.*[	 ]\([BCDEGRST][BCDEGRST]*\)[	 ][	 ]*_\([_A-Za-z][_A-Za-z0-9]*\)$/\1 _\2 \2/p'\'' | sed '\''/ __gnu_lto/d'\'''
lt_cv_sys_global_symbol_to_c_name_address='sed -n -e '\''s/^: \([^ ]*\)[ ]*$/  {\"\1\", (void *) 0},/p'\'' -e '\''s/^[BCDEGRST]* \([^ ]*\) \([^ ]*\)$/  {"\2", (void *) \&\2},/p'\'''
lt_cv_sys_global_symbol_to_c_name_address_lib_prefix='sed -n -e '\''s/^: \([^ ]*\)[ ]*$/  {\"\1\", (void *) 0},/p'\'' -e '\''s/^[BCDEGRST]* \([^ ]*\) \(lib[^ ]*\)$/  {"\2", (void *) \&\2},/p'\'' -e '\''s/^[BCDEGRST]* \([^ ]*\) \([^ ]*\)$/  {"lib\2", (void *) \&\2},/p'\'''
lt_cv_sys_global_symbol_to_cdecl='sed -n -e '\''s/^T .* \(.*\)$/extern int \1();/p'\'' -e '\''s/^[BCDEGRST]* .* \(.*\)$/extern char \1;/p'\'''
lt_cv_sys_max_cmd_len=196608
lt_cv_to_host_file_cmd=func_convert_file_noop
lt_cv_to_tool_file_cmd=func_convert_file_noop
pkg_cv_OPENSSL_CFLAGS=-I/Users/User/Working/tunnelblick/third_party/build/staging/openssl-1.0.0e/include/i386
pkg_cv_OPENSSL_LIBS='-L/Users/User/Working/tunnelblick/third_party/build/staging/openssl-1.0.0e/lib -lssl -lcrypto -lz'

## ----------------- ##
## Output variables. ##
## ----------------- ##

ACLOCAL='${SHELL} /Users/User/Working/tunnelblick/third_party/pkcs11-helper-1.09/missing --run aclocal-1.11'
AMDEPBACKSLASH=''
AMDEP_FALSE=''
AMDEP_TRUE='#'
AMTAR='${SHELL} /Users/User/Working/tunnelblick/third_party/pkcs11-helper-1.09/missing --run tar'
AR='ar'
AS='as'
AUTOCONF='${SHELL} /Users/User/Working/tunnelblick/third_party/pkcs11-helper-1.09/missing --run autoconf'
AUTOHEADER='${SHELL} /Users/User/Working/tunnelblick/third_party/pkcs11-helper-1.09/missing --run autoheader'
AUTOMAKE='${SHELL} /Users/User/Working/tunnelblick/third_party/pkcs11-helper-1.09/missing --run automake-1.11'
AWK='awk'
CC='gcc'
CCDEPMODE='depmode=none'
CFLAGS='-isysroot /Developer/SDKs/MacOSX10.6.sdk -Os -mmacosx-version-min=10.6 -arch i386 -I/Users/User/Working/tunnelblick/third_party/build/staging/openssl-1.0.0e/include/i386'
CPP='gcc -E'
CPPFLAGS=''
CYGPATH_W='echo'
CYGWIN_FALSE=''
CYGWIN_TRUE='#'
DEFS='-DHAVE_CONFIG_H'
DEPDIR='.deps'
DLLTOOL='false'
DOXYGEN=''
DSYMUTIL='dsymutil'
DUMPBIN=''
ECHO_C='\c'
ECHO_N=''
ECHO_T=''
EGREP='/usr/bin/grep -E'
ENABLE_DOC_FALSE=''
ENABLE_DOC_TRUE='#'
ENABLE_PKCS11H_CERTIFICATE_FALSE='#'
ENABLE_PKCS11H_CERTIFICATE_TRUE=''
ENABLE_PKCS11H_DATA_FALSE='#'
ENABLE_PKCS11H_DATA_TRUE=''
ENABLE_PKCS11H_OPENSSL_FALSE='#'
ENABLE_PKCS11H_OPENSSL_TRUE=''
ENABLE_PKCS11H_SLOTEVENT_FALSE='#'
ENABLE_PKCS11H_SLOTEVENT_TRUE=''
ENABLE_PKCS11H_TOKEN_FALSE='#'
ENABLE_PKCS11H_TOKEN_TRUE=''
ENABLE_TESTS_FALSE=''
ENABLE_TESTS_TRUE='#'
EXEEXT=''
FGREP='/usr/bin/grep -F'
GNUTLS_CFLAGS=''
GNUTLS_LIBS=''
GREP='/usr/bin/grep'
INSTALL_DATA='${INSTALL} -m 644'
INSTALL_PROGRAM='${INSTALL}'
INSTALL_SCRIPT='${INSTALL}'
INSTALL_STRIP_PROGRAM='$(install_sh) -c -s'
LD='/Developer/usr/llvm-gcc-4.2/libexec/gcc/i686-apple-darwin11/4.2.1/ld'
LDFLAGS=''
LIBOBJS=''
LIBPKCS11_HELPER_LT_AGE='0'
LIBPKCS11_HELPER_LT_CURRENT='1'
LIBPKCS11_HELPER_LT_OLDEST='1'
LIBPKCS11_HELPER_LT_REVISION='0'
LIBS='-lpthread -ldl  -L/Users/User/Working/tunnelblick/third_party/build/staging/openssl-1.0.0e/lib -lssl -lcrypto -lz'
LIBTOOL='$(SHELL) $(top_builddir)/libtool'
LIPO='lipo'
LN_S='ln -s'
LTLIBOBJS=''
M4='m4'
MAKEINFO='${SHELL} /Users/User/Working/tunnelblick/third_party/pkcs11-helper-1.09/missing --run makeinfo'
MAN2HTML=''
MANIFEST_TOOL=':'
MKDIR_P='./install-sh -c -d'
NM='/Developer/usr/bin/nm'
NMEDIT='nmedit'
NSS_CFLAGS=''
NSS_LIBS=''
OBJDUMP='false'
OBJEXT='o'
OPENSSL_CFLAGS='-I/Users/User/Working/tunnelblick/third_party/build/staging/openssl-1.0.0e/include/i386'
OPENSSL_LIBS='-L/Users/User/Working/tunnelblick/third_party/build/staging/openssl-1.0.0e/lib -lssl -lcrypto -lz'
OTOOL64=':'
OTOOL='otool'
PACKAGE='pkcs11-helper'
PACKAGE_BUGREPORT=''
PACKAGE_NAME='pkcs11-helper'
PACKAGE_STRING='pkcs11-helper 1.09'
PACKAGE_TARNAME='pkcs11-helper'
PACKAGE_URL=''
PACKAGE_VERSION='1.09'
PATH_SEPARATOR=':'
PKCS11H_FEATURES=' debug threading token data certificate slotevent openssl engine_crypto'
PKCS11H_VERSION_FIX='0'
PKCS11H_VERSION_MAJOR='1'
PKCS11H_VERSION_MINOR='9'
PKG_CONFIG=''
PKG_CONFIG_LIBDIR=''
PKG_CONFIG_PATH=''
RANLIB='ranlib'
RC=''
SED='/usr/bin/sed'
SET_MAKE=''
SHELL='/bin/sh'
STRIP='strip'
VERSION='1.09'
WIN32_FALSE=''
WIN32_TRUE='#'
WIN_LIBPREFIX=''
ac_ct_AR='ar'
ac_ct_CC='gcc'
ac_ct_DUMPBIN=''
am__EXEEXT_FALSE=''
am__EXEEXT_TRUE='#'
am__fastdepCC_FALSE=''
am__fastdepCC_TRUE='#'
am__include='include'
am__isrc=''
am__leading_dot='.'
am__quote=''
am__tar='${AMTAR} chof - "$$tardir"'
am__untar='${AMTAR} xf -'
apidocdir='$(htmldir)/api'
bindir='${exec_prefix}/bin'
build='x86_64-apple-darwin11.2.0'
build_alias=''
build_cpu='x86_64'
build_os='darwin11.2.0'
build_vendor='apple'
datadir='${datarootdir}'
datarootdir='${prefix}/share'
docdir='${datarootdir}/doc/${PACKAGE_TARNAME}'
dvidir='${docdir}'
exec_prefix='${prefix}'
host='x86_64-apple-darwin11.2.0'
host_alias=''
host_cpu='x86_64'
host_os='darwin11.2.0'
host_vendor='apple'
htmldir='${docdir}'
includedir='/Users/User/Working/tunnelblick/third_party/pkcs11-helper-1.09/staging/include'
infodir='${datarootdir}/info'
install_sh='${SHELL} /Users/User/Working/tunnelblick/third_party/pkcs11-helper-1.09/install-sh'
libdir='${exec_prefix}/lib'
libexecdir='${exec_prefix}/libexec'
localedir='${datarootdir}/locale'
localstatedir='${prefix}/var'
m4dir='$(datadir)/aclocal'
mandir='${datarootdir}/man'
mkdir_p='$(top_builddir)/./install-sh -c -d'
oldincludedir='/usr/include'
pdfdir='${docdir}'
pkcs11hincludedir='$(includedir)/pkcs11-helper-1.0'
pkgconfigdir='$(libdir)/pkgconfig'
prefix='/Users/User/Working/tunnelblick/third_party/pkcs11-helper-1.09/staging_i386'
program_transform_name='s,x,x,'
psdir='${docdir}'
sbindir='${exec_prefix}/sbin'
sharedstatedir='${prefix}/com'
sysconfdir='${prefix}/etc'
target_alias=''

## ----------- ##
## confdefs.h. ##
## ----------- ##

/* confdefs.h */
#define PACKAGE_NAME "pkcs11-helper"
#define PACKAGE_TARNAME "pkcs11-helper"
#define PACKAGE_VERSION "1.09"
#define PACKAGE_STRING "pkcs11-helper 1.09"
#define PACKAGE_BUGREPORT ""
#define PACKAGE_URL ""
#define PACKAGE "pkcs11-helper"
#define VERSION "1.09"
#define TEST_PROVIDER "/usr/lib/pkcs11/provider.so"
#define TEST_LOG_LEVEL 3
#define STDC_HEADERS 1
#define HAVE_SYS_TYPES_H 1
#define HAVE_SYS_STAT_H 1
#define HAVE_STDLIB_H 1
#define HAVE_STRING_H 1
#define HAVE_MEMORY_H 1
#define HAVE_STRINGS_H 1
#define HAVE_INTTYPES_H 1
#define HAVE_STDINT_H 1
#define HAVE_UNISTD_H 1
#define HAVE_DLFCN_H 1
#define LT_OBJDIR ".libs/"
#define TIME_WITH_SYS_TIME 1
#define HAVE_SYS_TIME_H 1
#define HAVE_UNISTD_H 1
#define HAVE_ALARM 1
#define HAVE_VPRINTF 1
#define HAVE_GETTIMEOFDAY 1
#define HAVE_MEMMOVE 1
#define HAVE_MEMSET 1
#define HAVE_SOCKET 1
#define HAVE_STRCHR 1
#define HAVE_STRDUP 1
#define HAVE_STRERROR 1
#define HAVE_STRRCHR 1
#define HAVE_SNPRINTF 1
#define HAVE_LIBDL 1
#define HAVE_LIBPTHREAD 1
#define STDC_HEADERS 1
#define HAVE_CPP_VARARG_MACRO_ISO 1
#define HAVE_CPP_VARARG_MACRO_GCC 1
#define TIME_WITH_SYS_TIME 1
#define SIZEOF_SIZE_T 4
#define PRINTF_Z_FORMAT 		"%08x"
#define HAVE_STDIO_H 1
#define HAVE_STDLIB_H 1
#define HAVE_CTYPE_H 1
#define HAVE_STRING_H 1
#define HAVE_ERRNO_H 1
#define HAVE_ASSERT_H 1
#define HAVE_TIME_H 1
#define HAVE_SIGNAL_H 1
#define HAVE_DLFCN_H 1
#define HAVE_UNISTD_H 1
#define HAVE_SYS_TIME_H 1
#define HAVE_PTHREAD_H 1
#define ENABLE_PKCS11H_ENGINE_OPENSSL 1
#define ENABLE_PKCS11H_DEBUG 1
#define ENABLE_PKCS11H_THREADING 1
#define ENABLE_PKCS11H_TOKEN 1
#define ENABLE_PKCS11H_DATA 1
#define ENABLE_PKCS11H_CERTIFICATE 1
#define ENABLE_PKCS11H_SLOTEVENT 1
#define ENABLE_PKCS11H_OPENSSL 1

configure: exit 0
